11:01:27 PM  [main] 	Initializing Control Panel
11:01:27 PM  [main] 	Windows Version:  Home  64-bit
11:01:27 PM  [main] 	XAMPP Version: 7.4.6
11:01:27 PM  [main] 	Control Panel Version: 3.2.4  [ Compiled: Jun 5th 2019 ]
11:01:27 PM  [main] 	Running with Administrator rights - good!
11:01:27 PM  [main] 	XAMPP Installation Directory: "e:\program files\xampp\"
11:01:27 PM  [main] 	WARNING: Your install directory contains spaces.  This may break programs/scripts
11:01:27 PM  [main] 	Checking for prerequisites
11:01:27 PM  [main] 	All prerequisites found
11:01:27 PM  [main] 	Initializing Modules
11:01:27 PM  [main] 	Starting Check-Timer
11:01:27 PM  [main] 	Control Panel Ready
11:01:40 PM  [Apache] 	Attempting to start Apache app...
11:01:40 PM  [Apache] 	Status change detected: running
11:01:51 PM  [Apache] 	Attempting to stop Apache (PID: 9644)
11:01:51 PM  [Apache] 	Attempting to stop Apache (PID: 9740)
11:01:51 PM  [Apache] 	Status change detected: stopped
11:01:52 PM  [main] 	Deinitializing Modules
11:01:52 PM  [main] 	Deinitializing Control Panel

8:15:39 AM  [main] 	Initializing Control Panel
8:15:39 AM  [main] 	Windows Version:  Home  64-bit
8:15:39 AM  [main] 	XAMPP Version: 7.4.6
8:15:39 AM  [main] 	Control Panel Version: 3.2.4  [ Compiled: Jun 5th 2019 ]
8:15:39 AM  [main] 	Running with Administrator rights - good!
8:15:39 AM  [main] 	XAMPP Installation Directory: "e:\program files\xampp\"
8:15:39 AM  [main] 	WARNING: Your install directory contains spaces.  This may break programs/scripts
8:15:39 AM  [main] 	Checking for prerequisites
8:15:40 AM  [main] 	All prerequisites found
8:15:40 AM  [main] 	Initializing Modules
8:15:40 AM  [main] 	Starting Check-Timer
8:15:40 AM  [main] 	Control Panel Ready
8:15:41 AM  [Apache] 	Attempting to start Apache app...
8:15:42 AM  [Apache] 	Status change detected: running
2:07:05 PM  [main] 	Deinitializing Modules
2:07:05 PM  [main] 	Deinitializing Control Panel

2:55:16 PM  [main] 	Initializing Control Panel
2:55:16 PM  [main] 	Windows Version:  Home  64-bit
2:55:16 PM  [main] 	XAMPP Version: 7.4.6
2:55:16 PM  [main] 	Control Panel Version: 3.2.4  [ Compiled: Jun 5th 2019 ]
2:55:16 PM  [main] 	Running with Administrator rights - good!
2:55:16 PM  [main] 	XAMPP Installation Directory: "e:\program files\xampp\"
2:55:16 PM  [main] 	WARNING: Your install directory contains spaces.  This may break programs/scripts
2:55:16 PM  [main] 	Checking for prerequisites
2:55:16 PM  [main] 	All prerequisites found
2:55:16 PM  [main] 	Initializing Modules
2:55:16 PM  [Apache] 	XAMPP Apache is already running on port 80
2:55:16 PM  [Apache] 	XAMPP Apache is already running on port 443
2:55:16 PM  [main] 	Starting Check-Timer
2:55:16 PM  [main] 	Control Panel Ready
2:57:28 PM  [main] 	Deinitializing Modules
2:57:28 PM  [main] 	Deinitializing Control Panel

11:10:34 AM  [main] 	Initializing Control Panel
11:10:34 AM  [main] 	Windows Version:  Home  64-bit
11:10:34 AM  [main] 	XAMPP Version: 7.4.6
11:10:34 AM  [main] 	Control Panel Version: 3.2.4  [ Compiled: Jun 5th 2019 ]
11:10:34 AM  [main] 	Running with Administrator rights - good!
11:10:34 AM  [main] 	XAMPP Installation Directory: "e:\program files\xampp\"
11:10:34 AM  [main] 	WARNING: Your install directory contains spaces.  This may break programs/scripts
11:10:34 AM  [main] 	Checking for prerequisites
11:10:36 AM  [main] 	All prerequisites found
11:10:36 AM  [main] 	Initializing Modules
11:10:37 AM  [main] 	Starting Check-Timer
11:10:37 AM  [main] 	Control Panel Ready
11:10:40 AM  [Apache] 	Attempting to start Apache app...
11:10:41 AM  [Apache] 	Status change detected: running
11:11:15 AM  [main] 	Executing "e:\program files\xampp\apache"
2:57:41 PM  [main] 	Deinitializing Modules
2:57:41 PM  [main] 	Deinitializing Control Panel

2:57:46 PM  [main] 	Initializing Control Panel
2:57:46 PM  [main] 	Windows Version:  Home  64-bit
2:57:46 PM  [main] 	XAMPP Version: 7.4.6
2:57:46 PM  [main] 	Control Panel Version: 3.2.4  [ Compiled: Jun 5th 2019 ]
2:57:46 PM  [main] 	Running with Administrator rights - good!
2:57:46 PM  [main] 	XAMPP Installation Directory: "e:\program files\xampp\"
2:57:46 PM  [main] 	WARNING: Your install directory contains spaces.  This may break programs/scripts
2:57:46 PM  [main] 	Checking for prerequisites
2:57:46 PM  [main] 	All prerequisites found
2:57:46 PM  [main] 	Initializing Modules
2:57:46 PM  [Apache] 	XAMPP Apache is already running on port 80
2:57:46 PM  [Apache] 	XAMPP Apache is already running on port 443
2:57:46 PM  [main] 	Starting Check-Timer
2:57:46 PM  [main] 	Control Panel Ready
4:11:54 PM  [main] 	Deinitializing Modules
4:11:54 PM  [main] 	Deinitializing Control Panel

3:06:44 PM  [main] 	Initializing Control Panel
3:06:44 PM  [main] 	Windows Version:  Home  64-bit
3:06:44 PM  [main] 	XAMPP Version: 7.4.6
3:06:44 PM  [main] 	Control Panel Version: 3.2.4  [ Compiled: Jun 5th 2019 ]
3:06:44 PM  [main] 	Running with Administrator rights - good!
3:06:44 PM  [main] 	XAMPP Installation Directory: "e:\program files\xampp\"
3:06:44 PM  [main] 	WARNING: Your install directory contains spaces.  This may break programs/scripts
3:06:44 PM  [main] 	Checking for prerequisites
3:06:48 PM  [main] 	All prerequisites found
3:06:48 PM  [main] 	Initializing Modules
3:06:48 PM  [main] 	Starting Check-Timer
3:06:48 PM  [main] 	Control Panel Ready
3:06:51 PM  [Apache] 	Attempting to start Apache app...
3:06:51 PM  [Apache] 	Status change detected: running
8:38:36 PM  [main] 	Deinitializing Modules
8:38:36 PM  [main] 	Deinitializing Control Panel

9:30:27 AM  [main] 	Initializing Control Panel
9:30:27 AM  [main] 	Windows Version:  Home  64-bit
9:30:27 AM  [main] 	XAMPP Version: 7.4.6
9:30:27 AM  [main] 	Control Panel Version: 3.2.4  [ Compiled: Jun 5th 2019 ]
9:30:27 AM  [main] 	Running with Administrator rights - good!
9:30:27 AM  [main] 	XAMPP Installation Directory: "e:\program files\xampp\"
9:30:27 AM  [main] 	WARNING: Your install directory contains spaces.  This may break programs/scripts
9:30:27 AM  [main] 	Checking for prerequisites
9:30:47 AM  [main] 	All prerequisites found
9:30:47 AM  [main] 	Initializing Modules
9:30:47 AM  [main] 	Starting Check-Timer
9:30:47 AM  [main] 	Control Panel Ready
9:31:04 AM  [main] 	Executing "e:\program files\xampp\mysql"
9:31:45 AM  [main] 	Executing "e:\program files\xampp\"
9:34:57 AM  [main] 	Deinitializing Modules
9:34:57 AM  [main] 	Deinitializing Control Panel

9:36:58 AM  [main] 	Initializing Control Panel
9:36:58 AM  [main] 	Windows Version:  Home  64-bit
9:36:58 AM  [main] 	XAMPP Version: 7.4.6
9:36:58 AM  [main] 	Control Panel Version: 3.2.4  [ Compiled: Jun 5th 2019 ]
9:36:58 AM  [main] 	Running with Administrator rights - good!
9:36:58 AM  [main] 	XAMPP Installation Directory: "e:\program files\xampp\"
9:36:58 AM  [main] 	WARNING: Your install directory contains spaces.  This may break programs/scripts
9:36:58 AM  [main] 	Checking for prerequisites
9:36:58 AM  [main] 	All prerequisites found
9:36:58 AM  [main] 	Initializing Modules
9:36:58 AM  [main] 	Starting Check-Timer
9:36:58 AM  [main] 	Control Panel Ready
9:37:19 AM  [Apache] 	Attempting to start Apache app...
9:37:20 AM  [Apache] 	Status change detected: running
9:37:27 AM  [Apache] 	Attempting to stop Apache (PID: 8804)
9:37:27 AM  [Apache] 	Attempting to stop Apache (PID: 17892)
9:37:28 AM  [Apache] 	Status change detected: stopped
9:37:31 AM  [Apache] 	Installing service...
9:37:31 AM  [Apache] 	Successful!
9:37:33 AM  [mysql] 	Installing service...
9:37:33 AM  [mysql] 	Successful!
9:37:36 AM  [Apache] 	Attempting to start Apache service...
9:37:37 AM  [Apache] 	Status change detected: running
9:37:38 AM  [mysql] 	Attempting to start MySQL service...
9:37:38 AM  [mysql] 	Status change detected: running
10:33:13 AM  [mysql] 	Attempting to stop MySQL service...
10:33:14 AM  [Apache] 	Attempting to stop Apache service...
10:33:15 AM  [mysql] 	Status change detected: stopped
10:33:19 AM  [Apache] 	Attempting to stop Apache service...
10:33:19 AM  [Apache] 	Status change detected: stopped
1:16:55 PM  [mysql] 	Uninstalling service...
1:16:55 PM  [mysql] 	Successful!
1:16:57 PM  [Apache] 	Uninstalling service...
1:16:57 PM  [Apache] 	Successful!
1:17:00 PM  [main] 	Deinitializing Modules
1:17:00 PM  [main] 	Deinitializing Control Panel

8:53:22 AM  [main] 	Initializing Control Panel
8:53:22 AM  [main] 	Windows Version:  Home  64-bit
8:53:22 AM  [main] 	XAMPP Version: 7.4.6
8:53:22 AM  [main] 	Control Panel Version: 3.2.4  [ Compiled: Jun 5th 2019 ]
8:53:22 AM  [main] 	Running with Administrator rights - good!
8:53:22 AM  [main] 	XAMPP Installation Directory: "e:\program files\xampp\"
8:53:22 AM  [main] 	WARNING: Your install directory contains spaces.  This may break programs/scripts
8:53:22 AM  [main] 	Checking for prerequisites
8:53:22 AM  [main] 	All prerequisites found
8:53:22 AM  [main] 	Initializing Modules
8:53:22 AM  [main] 	Starting Check-Timer
8:53:22 AM  [main] 	Control Panel Ready
8:53:58 AM  [Apache] 	Attempting to start Apache app...
8:53:58 AM  [Apache] 	Status change detected: running
8:54:01 AM  [mysql] 	Attempting to start MySQL app...
8:54:02 AM  [mysql] 	Status change detected: running
2:26:44 PM  [main] 	Deinitializing Modules
2:26:44 PM  [main] 	Deinitializing Control Panel

1:38:38 PM  [main] 	Initializing Control Panel
1:38:38 PM  [main] 	Windows Version:  Home  64-bit
1:38:38 PM  [main] 	XAMPP Version: 7.4.6
1:38:38 PM  [main] 	Control Panel Version: 3.2.4  [ Compiled: Jun 5th 2019 ]
1:38:38 PM  [main] 	Running with Administrator rights - good!
1:38:38 PM  [main] 	XAMPP Installation Directory: "e:\program files\xampp\"
1:38:38 PM  [main] 	WARNING: Your install directory contains spaces.  This may break programs/scripts
1:38:38 PM  [main] 	Checking for prerequisites
1:38:38 PM  [main] 	All prerequisites found
1:38:38 PM  [main] 	Initializing Modules
1:38:38 PM  [main] 	Starting Check-Timer
1:38:38 PM  [main] 	Control Panel Ready
1:40:44 PM  [main] 	Deinitializing Modules
1:40:44 PM  [main] 	Deinitializing Control Panel

1:45:31 PM  [main] 	Initializing Control Panel
1:45:31 PM  [main] 	Windows Version:  Home  64-bit
1:45:31 PM  [main] 	XAMPP Version: 7.4.6
1:45:31 PM  [main] 	Control Panel Version: 3.2.4  [ Compiled: Jun 5th 2019 ]
1:45:31 PM  [main] 	Running with Administrator rights - good!
1:45:31 PM  [main] 	XAMPP Installation Directory: "e:\program files\xampp\"
1:45:31 PM  [main] 	WARNING: Your install directory contains spaces.  This may break programs/scripts
1:45:31 PM  [main] 	Checking for prerequisites
1:45:31 PM  [main] 	All prerequisites found
1:45:31 PM  [main] 	Initializing Modules
1:45:31 PM  [main] 	Starting Check-Timer
1:45:31 PM  [main] 	Control Panel Ready
1:45:33 PM  [main] 	Deinitializing Modules
1:45:33 PM  [main] 	Deinitializing Control Panel

1:33:08 PM  [main] 	Initializing Control Panel
1:33:08 PM  [main] 	Windows Version:  Home  64-bit
1:33:08 PM  [main] 	XAMPP Version: 7.4.6
1:33:08 PM  [main] 	Control Panel Version: 3.2.4  [ Compiled: Jun 5th 2019 ]
1:33:08 PM  [main] 	Running with Administrator rights - good!
1:33:08 PM  [main] 	XAMPP Installation Directory: "e:\program files\xampp\"
1:33:08 PM  [main] 	WARNING: Your install directory contains spaces.  This may break programs/scripts
1:33:08 PM  [main] 	Checking for prerequisites
1:33:08 PM  [main] 	All prerequisites found
1:33:08 PM  [main] 	Initializing Modules
1:33:08 PM  [mysql] 	Problem detected!
1:33:08 PM  [mysql] 	Port 3306 in use by "Unable to open process"!
1:33:08 PM  [mysql] 	MySQL WILL NOT start without the configured ports free!
1:33:08 PM  [mysql] 	You need to uninstall/disable/reconfigure the blocking application
1:33:08 PM  [mysql] 	or reconfigure MySQL and the Control Panel to listen on a different port
1:33:08 PM  [main] 	Starting Check-Timer
1:33:08 PM  [main] 	Control Panel Ready
1:45:39 PM  [main] 	Deinitializing Modules
1:45:39 PM  [main] 	Deinitializing Control Panel

1:38:01 PM  [main] 	Initializing Control Panel
1:38:01 PM  [main] 	Windows Version:  Home  64-bit
1:38:01 PM  [main] 	XAMPP Version: 7.4.6
1:38:01 PM  [main] 	Control Panel Version: 3.2.4  [ Compiled: Jun 5th 2019 ]
1:38:01 PM  [main] 	Running with Administrator rights - good!
1:38:01 PM  [main] 	XAMPP Installation Directory: "e:\program files\xampp\"
1:38:01 PM  [main] 	WARNING: Your install directory contains spaces.  This may break programs/scripts
1:38:01 PM  [main] 	Checking for prerequisites
1:38:01 PM  [main] 	All prerequisites found
1:38:01 PM  [main] 	Initializing Modules
1:38:01 PM  [main] 	Starting Check-Timer
1:38:01 PM  [main] 	Control Panel Ready
1:45:40 PM  [main] 	Deinitializing Modules
1:45:40 PM  [main] 	Deinitializing Control Panel

1:58:20 PM  [main] 	Initializing Control Panel
1:58:20 PM  [main] 	Windows Version:  Home  64-bit
1:58:20 PM  [main] 	XAMPP Version: 7.4.6
1:58:20 PM  [main] 	Control Panel Version: 3.2.4  [ Compiled: Jun 5th 2019 ]
1:58:20 PM  [main] 	Running with Administrator rights - good!
1:58:20 PM  [main] 	XAMPP Installation Directory: "e:\program files\xampp\"
1:58:20 PM  [main] 	WARNING: Your install directory contains spaces.  This may break programs/scripts
1:58:20 PM  [main] 	Checking for prerequisites
1:58:21 PM  [main] 	All prerequisites found
1:58:21 PM  [main] 	Initializing Modules
1:58:21 PM  [main] 	Starting Check-Timer
1:58:21 PM  [main] 	Control Panel Ready
1:58:22 PM  [Apache] 	Attempting to start Apache app...
1:58:23 PM  [Apache] 	Status change detected: running
1:58:24 PM  [mysql] 	Attempting to start MySQL app...
1:58:24 PM  [mysql] 	Status change detected: running
2:00:43 PM  [mysql] 	Attempting to stop MySQL app...
2:00:43 PM  [mysql] 	Status change detected: stopped
2:00:44 PM  [Apache] 	Attempting to stop Apache (PID: 9960)
2:00:44 PM  [Apache] 	Attempting to stop Apache (PID: 16284)
2:00:44 PM  [Apache] 	Status change detected: stopped
2:01:09 PM  [Apache] 	Status change detected: running
2:01:10 PM  [mysql] 	Status change detected: running
2:04:45 PM  [mysql] 	Status change detected: stopped
2:04:46 PM  [Apache] 	Status change detected: stopped
2:04:48 PM  [Apache] 	Status change detected: running
2:04:49 PM  [mysql] 	Status change detected: running
2:05:30 PM  [mysql] 	Status change detected: stopped
2:05:30 PM  [Apache] 	Status change detected: stopped
2:06:46 PM  [main] 	Deinitializing Modules
2:06:46 PM  [main] 	Deinitializing Control Panel

1:48:40 PM  [main] 	Initializing Control Panel
1:48:41 PM  [main] 	Windows Version:  Home  64-bit
1:48:41 PM  [main] 	XAMPP Version: 7.4.6
1:48:41 PM  [main] 	Control Panel Version: 3.2.4  [ Compiled: Jun 5th 2019 ]
1:48:41 PM  [main] 	Running with Administrator rights - good!
1:48:41 PM  [main] 	XAMPP Installation Directory: "e:\program files\xampp\"
1:48:41 PM  [main] 	WARNING: Your install directory contains spaces.  This may break programs/scripts
1:48:41 PM  [main] 	Checking for prerequisites
1:48:41 PM  [main] 	All prerequisites found
1:48:41 PM  [main] 	Initializing Modules
1:48:41 PM  [main] 	Starting Check-Timer
1:48:41 PM  [main] 	Control Panel Ready
1:48:55 PM  [main] 	Executing "services.msc"
1:49:26 PM  [Apache] 	Attempting to start Apache app...
1:49:27 PM  [Apache] 	Status change detected: running
1:49:30 PM  [mysql] 	Attempting to start MySQL app...
1:49:30 PM  [mysql] 	Status change detected: running
1:57:50 PM  [mysql] 	Attempting to stop MySQL app...
1:57:50 PM  [mysql] 	Status change detected: stopped
1:57:50 PM  [Apache] 	Attempting to stop Apache (PID: 24908)
1:57:50 PM  [Apache] 	Attempting to stop Apache (PID: 25384)
1:57:51 PM  [Apache] 	Status change detected: stopped
1:58:23 PM  [Apache] 	Status change detected: running
1:58:24 PM  [mysql] 	Status change detected: running
2:00:43 PM  [mysql] 	Status change detected: stopped
2:00:44 PM  [Apache] 	Status change detected: stopped
2:01:09 PM  [Apache] 	Status change detected: running
2:01:10 PM  [mysql] 	Status change detected: running
2:04:45 PM  [mysql] 	Status change detected: stopped
2:04:46 PM  [Apache] 	Status change detected: stopped
2:04:48 PM  [Apache] 	Status change detected: running
2:04:49 PM  [mysql] 	Status change detected: running
2:05:30 PM  [mysql] 	Status change detected: stopped
2:05:30 PM  [Apache] 	Status change detected: stopped
2:06:47 PM  [main] 	Deinitializing Modules
2:06:47 PM  [main] 	Deinitializing Control Panel

2:01:05 PM  [main] 	Initializing Control Panel
2:01:05 PM  [main] 	Windows Version:  Home  64-bit
2:01:05 PM  [main] 	XAMPP Version: 7.4.6
2:01:05 PM  [main] 	Control Panel Version: 3.2.4  [ Compiled: Jun 5th 2019 ]
2:01:05 PM  [main] 	Running with Administrator rights - good!
2:01:05 PM  [main] 	XAMPP Installation Directory: "e:\program files\xampp\"
2:01:05 PM  [main] 	WARNING: Your install directory contains spaces.  This may break programs/scripts
2:01:05 PM  [main] 	Checking for prerequisites
2:01:06 PM  [main] 	All prerequisites found
2:01:06 PM  [main] 	Initializing Modules
2:01:06 PM  [main] 	Starting Check-Timer
2:01:06 PM  [main] 	Control Panel Ready
2:01:08 PM  [Apache] 	Attempting to start Apache app...
2:01:09 PM  [Apache] 	Status change detected: running
2:01:10 PM  [mysql] 	Attempting to start MySQL app...
2:01:10 PM  [mysql] 	Status change detected: running
2:04:45 PM  [mysql] 	Attempting to stop MySQL app...
2:04:45 PM  [mysql] 	Status change detected: stopped
2:04:46 PM  [Apache] 	Attempting to stop Apache (PID: 13752)
2:04:46 PM  [Apache] 	Attempting to stop Apache (PID: 23924)
2:04:46 PM  [Apache] 	Status change detected: stopped
2:04:47 PM  [Apache] 	Attempting to start Apache app...
2:04:48 PM  [Apache] 	Status change detected: running
2:04:48 PM  [mysql] 	Attempting to start MySQL app...
2:04:49 PM  [mysql] 	Status change detected: running
2:05:29 PM  [mysql] 	Attempting to stop MySQL app...
2:05:30 PM  [mysql] 	Status change detected: stopped
2:05:30 PM  [Apache] 	Attempting to stop Apache (PID: 12688)
2:05:30 PM  [Apache] 	Attempting to stop Apache (PID: 2488)
2:05:30 PM  [Apache] 	Status change detected: stopped
2:06:49 PM  [main] 	Deinitializing Modules
2:06:49 PM  [main] 	Deinitializing Control Panel

9:33:08 PM  [main] 	Initializing Control Panel
9:33:08 PM  [main] 	Windows Version:  Home  64-bit
9:33:08 PM  [main] 	XAMPP Version: 7.4.6
9:33:08 PM  [main] 	Control Panel Version: 3.2.4  [ Compiled: Jun 5th 2019 ]
9:33:08 PM  [main] 	Running with Administrator rights - good!
9:33:08 PM  [main] 	XAMPP Installation Directory: "e:\program files\xampp\"
9:33:08 PM  [main] 	WARNING: Your install directory contains spaces.  This may break programs/scripts
9:33:08 PM  [main] 	Checking for prerequisites
9:33:08 PM  [main] 	All prerequisites found
9:33:08 PM  [main] 	Initializing Modules
9:33:08 PM  [main] 	Starting Check-Timer
9:33:08 PM  [main] 	Control Panel Ready
9:33:11 PM  [main] 	Deinitializing Modules
9:33:11 PM  [main] 	Deinitializing Control Panel

