InnoDB: using atomic writes.
2022-01-18  9:37:38 0 [Note] InnoDB: Mutexes and rw_locks use Windows interlocked functions
2022-01-18  9:37:38 0 [Note] InnoDB: Uses event mutexes
2022-01-18  9:37:38 0 [Note] InnoDB: Compressed tables use zlib 1.2.11
2022-01-18  9:37:38 0 [Note] InnoDB: Number of pools: 1
2022-01-18  9:37:38 0 [Note] InnoDB: Using SSE2 crc32 instructions
2022-01-18  9:37:38 0 [Note] InnoDB: Initializing buffer pool, total size = 16M, instances = 1, chunk size = 16M
2022-01-18  9:37:38 0 [Note] InnoDB: Completed initialization of buffer pool
2022-01-18  9:37:38 0 [Note] InnoDB: Starting crash recovery from checkpoint LSN=300288
2022-01-18  9:37:39 0 [Note] InnoDB: 128 out of 128 rollback segments are active.
2022-01-18  9:37:39 0 [Note] InnoDB: Removed temporary tablespace data file: "ibtmp1"
2022-01-18  9:37:39 0 [Note] InnoDB: Creating shared tablespace for temporary tables
2022-01-18  9:37:39 0 [Note] InnoDB: Setting file 'E:\Program Files\xampp\mysql\data\ibtmp1' size to 12 MB. Physically writing the file full; Please wait ...
2022-01-18  9:37:39 0 [Note] InnoDB: File 'E:\Program Files\xampp\mysql\data\ibtmp1' size is now 12 MB.
2022-01-18  9:37:39 0 [Note] InnoDB: Waiting for purge to start
2022-01-18  9:37:39 0 [Note] InnoDB: 10.4.11 started; log sequence number 300297; transaction id 171
2022-01-18  9:37:39 0 [Note] Plugin 'FEEDBACK' is disabled.
2022-01-18  9:37:39 0 [Note] InnoDB: Loading buffer pool(s) from E:\Program Files\xampp\mysql\data\ib_buffer_pool
2022-01-18  9:37:39 0 [Note] InnoDB: Buffer pool(s) load completed at 220118  9:37:39
2022-01-18  9:37:39 0 [Note] Server socket created on IP: '::'.
2022-01-18  9:37:39 0 [Note] Reading of all Master_info entries succeeded
2022-01-18  9:37:39 0 [Note] Added new Master_info '' to hash table
2022-01-18  9:37:39 0 [Note] E:\program files\xampp\mysql\bin\mysqld.exe: ready for connections.
Version: '10.4.11-MariaDB'  socket: ''  port: 3306  mariadb.org binary distribution
2022-01-18  9:38:12 8 [Warning] Aborted connection 8 to db: 'unconnected' user: 'unauthenticated' host: 'localhost' (This connection closed normally without authentication)
2022-01-18  9:38:14 9 [Warning] Aborted connection 9 to db: 'unconnected' user: 'unauthenticated' host: 'localhost' (This connection closed normally without authentication)
2022-01-18  9:38:19 10 [Warning] Aborted connection 10 to db: 'unconnected' user: 'unauthenticated' host: 'localhost' (This connection closed normally without authentication)
2022-01-18 10:06:44 295 [Warning] Aborted connection 295 to db: 'unconnected' user: 'unauthenticated' host: 'localhost' (This connection closed normally without authentication)
2022-01-18 10:06:45 296 [Warning] Aborted connection 296 to db: 'unconnected' user: 'unauthenticated' host: 'localhost' (This connection closed normally without authentication)
2022-01-18 10:16:19 297 [Warning] Aborted connection 297 to db: 'unconnected' user: 'unauthenticated' host: 'localhost' (This connection closed normally without authentication)
2022-01-18 10:16:19 298 [Warning] Aborted connection 298 to db: 'unconnected' user: 'unauthenticated' host: 'localhost' (This connection closed normally without authentication)
2022-01-18 10:25:52 299 [Warning] Aborted connection 299 to db: 'unconnected' user: 'unauthenticated' host: 'localhost' (This connection closed normally without authentication)
2022-01-18 10:25:53 300 [Warning] Aborted connection 300 to db: 'unconnected' user: 'unauthenticated' host: 'localhost' (This connection closed normally without authentication)
2022-01-18 10:25:58 301 [Warning] Aborted connection 301 to db: 'unconnected' user: 'unauthenticated' host: 'localhost' (This connection closed normally without authentication)
2022-01-18 10:28:25 334 [Warning] Aborted connection 334 to db: 'unconnected' user: 'unauthenticated' host: 'localhost' (This connection closed normally without authentication)
2022-01-18 10:28:26 335 [Warning] Aborted connection 335 to db: 'unconnected' user: 'unauthenticated' host: 'localhost' (This connection closed normally without authentication)
2022-01-18 10:28:28 336 [Warning] Aborted connection 336 to db: 'unconnected' user: 'unauthenticated' host: 'localhost' (This connection closed normally without authentication)
2022-01-18 10:28:29 337 [Warning] Aborted connection 337 to db: 'unconnected' user: 'unauthenticated' host: 'localhost' (This connection closed normally without authentication)
2022-01-18 10:33:13 0 [Note] E:\program files\xampp\mysql\bin\mysqld.exe (initiated by: unknown): Normal shutdown
2022-01-18 10:33:13 0 [Note] Event Scheduler: Purging the queue. 0 events
2022-01-18 10:33:13 0 [Note] InnoDB: FTS optimize thread exiting.
2022-01-18 10:33:14 0 [Note] InnoDB: Starting shutdown...
2022-01-18 10:33:14 0 [Note] InnoDB: Dumping buffer pool(s) to E:\Program Files\xampp\mysql\data\ib_buffer_pool
2022-01-18 10:33:14 0 [Note] InnoDB: Instance 0, restricted to 250 pages due to innodb_buf_pool_dump_pct=25
2022-01-18 10:33:14 0 [Note] InnoDB: Buffer pool(s) dump completed at 220118 10:33:14
2022-01-18 10:33:15 0 [Note] InnoDB: Shutdown completed; log sequence number 370883; transaction id 363
2022-01-18 10:33:15 0 [Note] InnoDB: Removed temporary tablespace data file: "ibtmp1"
2022-01-18 10:33:15 0 [Note] E:\program files\xampp\mysql\bin\mysqld.exe: Shutdown complete

InnoDB: using atomic writes.
2022-07-05  8:54:02 0 [Note] InnoDB: Mutexes and rw_locks use Windows interlocked functions
2022-07-05  8:54:02 0 [Note] InnoDB: Uses event mutexes
2022-07-05  8:54:02 0 [Note] InnoDB: Compressed tables use zlib 1.2.11
2022-07-05  8:54:02 0 [Note] InnoDB: Number of pools: 1
2022-07-05  8:54:02 0 [Note] InnoDB: Using SSE2 crc32 instructions
2022-07-05  8:54:02 0 [Note] InnoDB: Initializing buffer pool, total size = 16M, instances = 1, chunk size = 16M
2022-07-05  8:54:02 0 [Note] InnoDB: Completed initialization of buffer pool
2022-07-05  8:54:03 0 [Note] InnoDB: 128 out of 128 rollback segments are active.
2022-07-05  8:54:03 0 [Note] InnoDB: Creating shared tablespace for temporary tables
2022-07-05  8:54:03 0 [Note] InnoDB: Setting file 'E:\Program Files\xampp\mysql\data\ibtmp1' size to 12 MB. Physically writing the file full; Please wait ...
2022-07-05  8:54:03 0 [Note] InnoDB: File 'E:\Program Files\xampp\mysql\data\ibtmp1' size is now 12 MB.
2022-07-05  8:54:03 0 [Note] InnoDB: Waiting for purge to start
2022-07-05  8:54:03 0 [Note] InnoDB: 10.4.11 started; log sequence number 370883; transaction id 365
2022-07-05  8:54:03 0 [Note] Plugin 'FEEDBACK' is disabled.
2022-07-05  8:54:03 0 [Note] InnoDB: Loading buffer pool(s) from E:\Program Files\xampp\mysql\data\ib_buffer_pool
2022-07-05  8:54:03 0 [Note] Server socket created on IP: '::'.
InnoDB: using atomic writes.
2022-11-22 13:49:31 0 [Note] InnoDB: Mutexes and rw_locks use Windows interlocked functions
2022-11-22 13:49:31 0 [Note] InnoDB: Uses event mutexes
2022-11-22 13:49:31 0 [Note] InnoDB: Compressed tables use zlib 1.2.11
2022-11-22 13:49:31 0 [Note] InnoDB: Number of pools: 1
2022-11-22 13:49:31 0 [Note] InnoDB: Using SSE2 crc32 instructions
2022-11-22 13:49:31 0 [Note] InnoDB: Initializing buffer pool, total size = 16M, instances = 1, chunk size = 16M
2022-11-22 13:49:31 0 [Note] InnoDB: Completed initialization of buffer pool
2022-11-22 13:49:31 0 [Note] InnoDB: Starting crash recovery from checkpoint LSN=726389
2022-11-22 13:49:32 0 [Note] InnoDB: 128 out of 128 rollback segments are active.
2022-11-22 13:49:32 0 [Note] InnoDB: Removed temporary tablespace data file: "ibtmp1"
2022-11-22 13:49:32 0 [Note] InnoDB: Creating shared tablespace for temporary tables
2022-11-22 13:49:32 0 [Note] InnoDB: Setting file 'E:\Program Files\xampp\mysql\data\ibtmp1' size to 12 MB. Physically writing the file full; Please wait ...
2022-11-22 13:49:32 0 [Note] InnoDB: File 'E:\Program Files\xampp\mysql\data\ibtmp1' size is now 12 MB.
2022-11-22 13:49:32 0 [Note] InnoDB: Waiting for purge to start
2022-11-22 13:49:32 0 [Note] InnoDB: 10.4.11 started; log sequence number 726398; transaction id 684
2022-11-22 13:49:32 0 [Note] InnoDB: Loading buffer pool(s) from E:\Program Files\xampp\mysql\data\ib_buffer_pool
2022-11-22 13:49:32 0 [Note] Plugin 'FEEDBACK' is disabled.
2022-11-22 13:49:32 0 [Note] Server socket created on IP: '::'.
InnoDB: using atomic writes.
2022-11-22 13:58:24 0 [Note] InnoDB: Mutexes and rw_locks use Windows interlocked functions
2022-11-22 13:58:24 0 [Note] InnoDB: Uses event mutexes
2022-11-22 13:58:24 0 [Note] InnoDB: Compressed tables use zlib 1.2.11
2022-11-22 13:58:24 0 [Note] InnoDB: Number of pools: 1
2022-11-22 13:58:24 0 [Note] InnoDB: Using SSE2 crc32 instructions
2022-11-22 13:58:24 0 [Note] InnoDB: Initializing buffer pool, total size = 16M, instances = 1, chunk size = 16M
2022-11-22 13:58:24 0 [Note] InnoDB: Completed initialization of buffer pool
2022-11-22 13:58:24 0 [Note] InnoDB: Starting crash recovery from checkpoint LSN=726407
2022-11-22 13:58:24 0 [Note] InnoDB: 128 out of 128 rollback segments are active.
2022-11-22 13:58:24 0 [Note] InnoDB: Removed temporary tablespace data file: "ibtmp1"
2022-11-22 13:58:24 0 [Note] InnoDB: Creating shared tablespace for temporary tables
2022-11-22 13:58:24 0 [Note] InnoDB: Setting file 'E:\Program Files\xampp\mysql\data\ibtmp1' size to 12 MB. Physically writing the file full; Please wait ...
2022-11-22 13:58:24 0 [Note] InnoDB: File 'E:\Program Files\xampp\mysql\data\ibtmp1' size is now 12 MB.
2022-11-22 13:58:24 0 [Note] InnoDB: Waiting for purge to start
2022-11-22 13:58:24 0 [Note] InnoDB: 10.4.11 started; log sequence number 726416; transaction id 684
2022-11-22 13:58:24 0 [Note] InnoDB: Loading buffer pool(s) from E:\Program Files\xampp\mysql\data\ib_buffer_pool
2022-11-22 13:58:24 0 [Note] Plugin 'FEEDBACK' is disabled.
2022-11-22 13:58:25 0 [Note] Server socket created on IP: '::'.
InnoDB: using atomic writes.
2022-11-22 14:01:10 0 [Note] InnoDB: Mutexes and rw_locks use Windows interlocked functions
2022-11-22 14:01:10 0 [Note] InnoDB: Uses event mutexes
2022-11-22 14:01:10 0 [Note] InnoDB: Compressed tables use zlib 1.2.11
2022-11-22 14:01:10 0 [Note] InnoDB: Number of pools: 1
2022-11-22 14:01:10 0 [Note] InnoDB: Using SSE2 crc32 instructions
2022-11-22 14:01:10 0 [Note] InnoDB: Initializing buffer pool, total size = 16M, instances = 1, chunk size = 16M
2022-11-22 14:01:10 0 [Note] InnoDB: Completed initialization of buffer pool
2022-11-22 14:01:10 0 [Note] InnoDB: Starting crash recovery from checkpoint LSN=726425
2022-11-22 14:01:10 0 [Note] InnoDB: 128 out of 128 rollback segments are active.
2022-11-22 14:01:10 0 [Note] InnoDB: Removed temporary tablespace data file: "ibtmp1"
2022-11-22 14:01:10 0 [Note] InnoDB: Creating shared tablespace for temporary tables
2022-11-22 14:01:10 0 [Note] InnoDB: Setting file 'E:\Program Files\xampp\mysql\data\ibtmp1' size to 12 MB. Physically writing the file full; Please wait ...
2022-11-22 14:01:10 0 [Note] InnoDB: File 'E:\Program Files\xampp\mysql\data\ibtmp1' size is now 12 MB.
2022-11-22 14:01:10 0 [Note] InnoDB: 10.4.11 started; log sequence number 726434; transaction id 684
2022-11-22 14:01:10 0 [Note] InnoDB: Loading buffer pool(s) from E:\Program Files\xampp\mysql\data\ib_buffer_pool
2022-11-22 14:01:10 0 [Note] Plugin 'FEEDBACK' is disabled.
2022-11-22 14:01:11 0 [Note] Server socket created on IP: '::'.
InnoDB: using atomic writes.
2022-11-22 14:04:48 0 [Note] InnoDB: Mutexes and rw_locks use Windows interlocked functions
2022-11-22 14:04:48 0 [Note] InnoDB: Uses event mutexes
2022-11-22 14:04:48 0 [Note] InnoDB: Compressed tables use zlib 1.2.11
2022-11-22 14:04:48 0 [Note] InnoDB: Number of pools: 1
2022-11-22 14:04:48 0 [Note] InnoDB: Using SSE2 crc32 instructions
2022-11-22 14:04:48 0 [Note] InnoDB: Initializing buffer pool, total size = 16M, instances = 1, chunk size = 16M
2022-11-22 14:04:48 0 [Note] InnoDB: Completed initialization of buffer pool
2022-11-22 14:04:48 0 [Note] InnoDB: Starting crash recovery from checkpoint LSN=726443
2022-11-22 14:04:49 0 [Note] InnoDB: 128 out of 128 rollback segments are active.
2022-11-22 14:04:49 0 [Note] InnoDB: Removed temporary tablespace data file: "ibtmp1"
2022-11-22 14:04:49 0 [Note] InnoDB: Creating shared tablespace for temporary tables
2022-11-22 14:04:49 0 [Note] InnoDB: Setting file 'E:\Program Files\xampp\mysql\data\ibtmp1' size to 12 MB. Physically writing the file full; Please wait ...
2022-11-22 14:04:49 0 [Note] InnoDB: File 'E:\Program Files\xampp\mysql\data\ibtmp1' size is now 12 MB.
2022-11-22 14:04:49 0 [Note] InnoDB: Waiting for purge to start
2022-11-22 14:04:49 0 [Note] InnoDB: 10.4.11 started; log sequence number 726452; transaction id 684
2022-11-22 14:04:49 0 [Note] InnoDB: Loading buffer pool(s) from E:\Program Files\xampp\mysql\data\ib_buffer_pool
2022-11-22 14:04:49 0 [Note] Plugin 'FEEDBACK' is disabled.
2022-11-22 14:04:49 0 [Note] Server socket created on IP: '::'.
InnoDB: using atomic writes.
2022-11-22 14:13:38 0 [Note] InnoDB: Mutexes and rw_locks use Windows interlocked functions
2022-11-22 14:13:38 0 [Note] InnoDB: Uses event mutexes
2022-11-22 14:13:38 0 [Note] InnoDB: Compressed tables use zlib 1.2.11
2022-11-22 14:13:38 0 [Note] InnoDB: Number of pools: 1
2022-11-22 14:13:38 0 [Note] InnoDB: Using SSE2 crc32 instructions
2022-11-22 14:13:38 0 [Note] InnoDB: Initializing buffer pool, total size = 16M, instances = 1, chunk size = 16M
2022-11-22 14:13:38 0 [Note] InnoDB: Completed initialization of buffer pool
2022-11-22 14:13:38 0 [Note] InnoDB: Starting crash recovery from checkpoint LSN=726778
2022-11-22 14:13:39 0 [Note] InnoDB: 128 out of 128 rollback segments are active.
2022-11-22 14:13:39 0 [Note] InnoDB: Removed temporary tablespace data file: "ibtmp1"
2022-11-22 14:13:39 0 [Note] InnoDB: Creating shared tablespace for temporary tables
2022-11-22 14:13:39 0 [Note] InnoDB: Setting file 'E:\Program Files\xampp\mysql\data\ibtmp1' size to 12 MB. Physically writing the file full; Please wait ...
2022-11-22 14:13:39 0 [Note] InnoDB: File 'E:\Program Files\xampp\mysql\data\ibtmp1' size is now 12 MB.
2022-11-22 14:13:39 0 [Note] InnoDB: Waiting for purge to start
2022-11-22 14:13:39 0 [Note] InnoDB: 10.4.11 started; log sequence number 726787; transaction id 708
2022-11-22 14:13:39 0 [Note] InnoDB: Loading buffer pool(s) from E:\Program Files\xampp\mysql\data\ib_buffer_pool
2022-11-22 14:13:39 0 [Note] Plugin 'FEEDBACK' is disabled.
2022-11-22 14:13:39 0 [Note] Server socket created on IP: '::'.
InnoDB: using atomic writes.
2022-11-22 14:15:11 0 [Note] InnoDB: Mutexes and rw_locks use Windows interlocked functions
2022-11-22 14:15:11 0 [Note] InnoDB: Uses event mutexes
2022-11-22 14:15:11 0 [Note] InnoDB: Compressed tables use zlib 1.2.11
2022-11-22 14:15:11 0 [Note] InnoDB: Number of pools: 1
2022-11-22 14:15:11 0 [Note] InnoDB: Using SSE2 crc32 instructions
2022-11-22 14:15:11 0 [Note] InnoDB: Initializing buffer pool, total size = 16M, instances = 1, chunk size = 16M
2022-11-22 14:15:11 0 [Note] InnoDB: Completed initialization of buffer pool
2022-11-22 14:15:12 0 [Note] InnoDB: Starting crash recovery from checkpoint LSN=726796
2022-11-22 14:15:16 0 [Note] InnoDB: 128 out of 128 rollback segments are active.
2022-11-22 14:15:16 0 [Note] InnoDB: Removed temporary tablespace data file: "ibtmp1"
2022-11-22 14:15:16 0 [Note] InnoDB: Creating shared tablespace for temporary tables
2022-11-22 14:15:16 0 [Note] InnoDB: Setting file 'E:\Program Files\xampp\mysql\data\ibtmp1' size to 12 MB. Physically writing the file full; Please wait ...
2022-11-22 14:15:16 0 [Note] InnoDB: File 'E:\Program Files\xampp\mysql\data\ibtmp1' size is now 12 MB.
2022-11-22 14:15:16 0 [Note] InnoDB: Waiting for purge to start
2022-11-22 14:15:16 0 [Note] InnoDB: 10.4.11 started; log sequence number 726805; transaction id 708
2022-11-22 14:15:16 0 [Note] InnoDB: Loading buffer pool(s) from E:\Program Files\xampp\mysql\data\ib_buffer_pool
2022-11-22 14:15:16 0 [Note] Plugin 'FEEDBACK' is disabled.
2022-11-22 14:15:17 0 [Note] Server socket created on IP: '::'.
InnoDB: using atomic writes.
2022-11-22 21:33:15 0 [Note] InnoDB: Mutexes and rw_locks use Windows interlocked functions
2022-11-22 21:33:15 0 [Note] InnoDB: Uses event mutexes
2022-11-22 21:33:15 0 [Note] InnoDB: Compressed tables use zlib 1.2.11
2022-11-22 21:33:15 0 [Note] InnoDB: Number of pools: 1
2022-11-22 21:33:15 0 [Note] InnoDB: Using SSE2 crc32 instructions
2022-11-22 21:33:15 0 [Note] InnoDB: Initializing buffer pool, total size = 16M, instances = 1, chunk size = 16M
2022-11-22 21:33:15 0 [Note] InnoDB: Completed initialization of buffer pool
2022-11-22 21:33:15 0 [Note] InnoDB: Starting crash recovery from checkpoint LSN=727147
2022-11-22 21:33:16 0 [Note] InnoDB: 128 out of 128 rollback segments are active.
2022-11-22 21:33:16 0 [Note] InnoDB: Removed temporary tablespace data file: "ibtmp1"
2022-11-22 21:33:16 0 [Note] InnoDB: Creating shared tablespace for temporary tables
2022-11-22 21:33:16 0 [Note] InnoDB: Setting file 'E:\Program Files\xampp\mysql\data\ibtmp1' size to 12 MB. Physically writing the file full; Please wait ...
2022-11-22 21:33:16 0 [Note] InnoDB: File 'E:\Program Files\xampp\mysql\data\ibtmp1' size is now 12 MB.
2022-11-22 21:33:16 0 [Note] InnoDB: Waiting for purge to start
2022-11-22 21:33:16 0 [Note] InnoDB: 10.4.11 started; log sequence number 727156; transaction id 732
2022-11-22 21:33:16 0 [Note] InnoDB: Loading buffer pool(s) from E:\Program Files\xampp\mysql\data\ib_buffer_pool
2022-11-22 21:33:16 0 [Note] Plugin 'FEEDBACK' is disabled.
2022-11-22 21:33:16 0 [Note] Server socket created on IP: '::'.
InnoDB: using atomic writes.
2022-11-23  6:07:27 0 [Note] InnoDB: Mutexes and rw_locks use Windows interlocked functions
2022-11-23  6:07:27 0 [Note] InnoDB: Uses event mutexes
2022-11-23  6:07:27 0 [Note] InnoDB: Compressed tables use zlib 1.2.11
2022-11-23  6:07:27 0 [Note] InnoDB: Number of pools: 1
2022-11-23  6:07:27 0 [Note] InnoDB: Using SSE2 crc32 instructions
2022-11-23  6:07:27 0 [Note] InnoDB: Initializing buffer pool, total size = 16M, instances = 1, chunk size = 16M
2022-11-23  6:07:27 0 [Note] InnoDB: Completed initialization of buffer pool
2022-11-23  6:07:27 0 [Note] InnoDB: Starting crash recovery from checkpoint LSN=8251257
2022-11-23  6:07:27 0 [ERROR] InnoDB: Operating system error number 3 in a file operation.
2022-11-23  6:07:27 0 [ERROR] InnoDB: The error means the system cannot find the path specified.
2022-11-23  6:07:27 0 [ERROR] InnoDB: If you are installing InnoDB, remember that you must create directories yourself, InnoDB does not create them.
2022-11-23  6:07:27 0 [ERROR] InnoDB: Cannot open datafile for read-only: '.\cart86wp\wp_commentmeta.ibd' OS error: 203
2022-11-23  6:07:27 0 [ERROR] InnoDB: Operating system error number 203 in a file operation.
2022-11-23  6:07:27 0 [Note] InnoDB: Some operating system error numbers are described at https://mariadb.com/kb/en/library/operating-system-error-codes/
2022-11-23  6:07:27 0 [ERROR] InnoDB: Could not find a valid tablespace file for ``cart86wp`.`wp_commentmeta``. Please refer to https://mariadb.com/kb/en/innodb-data-dictionary-troubleshooting/ for how to resolve the issue.
2022-11-23  6:07:27 0 [Warning] InnoDB: Ignoring tablespace for `cart86wp`.`wp_commentmeta` because it could not be opened.
2022-11-23  6:07:27 0 [ERROR] InnoDB: Operating system error number 3 in a file operation.
2022-11-23  6:07:27 0 [ERROR] InnoDB: The error means the system cannot find the path specified.
2022-11-23  6:07:27 0 [ERROR] InnoDB: If you are installing InnoDB, remember that you must create directories yourself, InnoDB does not create them.
2022-11-23  6:07:27 0 [ERROR] InnoDB: Cannot open datafile for read-only: '.\cart86wp\wp_comments.ibd' OS error: 203
2022-11-23  6:07:27 0 [ERROR] InnoDB: Operating system error number 203 in a file operation.
2022-11-23  6:07:27 0 [Note] InnoDB: Some operating system error numbers are described at https://mariadb.com/kb/en/library/operating-system-error-codes/
2022-11-23  6:07:27 0 [ERROR] InnoDB: Could not find a valid tablespace file for ``cart86wp`.`wp_comments``. Please refer to https://mariadb.com/kb/en/innodb-data-dictionary-troubleshooting/ for how to resolve the issue.
2022-11-23  6:07:27 0 [Warning] InnoDB: Ignoring tablespace for `cart86wp`.`wp_comments` because it could not be opened.
2022-11-23  6:07:27 0 [ERROR] InnoDB: Operating system error number 3 in a file operation.
2022-11-23  6:07:27 0 [ERROR] InnoDB: The error means the system cannot find the path specified.
2022-11-23  6:07:27 0 [ERROR] InnoDB: If you are installing InnoDB, remember that you must create directories yourself, InnoDB does not create them.
2022-11-23  6:07:27 0 [ERROR] InnoDB: Cannot open datafile for read-only: '.\cart86wp\wp_e_events.ibd' OS error: 203
2022-11-23  6:07:27 0 [ERROR] InnoDB: Operating system error number 203 in a file operation.
2022-11-23  6:07:27 0 [Note] InnoDB: Some operating system error numbers are described at https://mariadb.com/kb/en/library/operating-system-error-codes/
2022-11-23  6:07:27 0 [ERROR] InnoDB: Could not find a valid tablespace file for ``cart86wp`.`wp_e_events``. Please refer to https://mariadb.com/kb/en/innodb-data-dictionary-troubleshooting/ for how to resolve the issue.
2022-11-23  6:07:27 0 [Warning] InnoDB: Ignoring tablespace for `cart86wp`.`wp_e_events` because it could not be opened.
2022-11-23  6:07:27 0 [ERROR] InnoDB: Operating system error number 3 in a file operation.
2022-11-23  6:07:27 0 [ERROR] InnoDB: The error means the system cannot find the path specified.
2022-11-23  6:07:27 0 [ERROR] InnoDB: If you are installing InnoDB, remember that you must create directories yourself, InnoDB does not create them.
2022-11-23  6:07:27 0 [ERROR] InnoDB: Cannot open datafile for read-only: '.\cart86wp\wp_links.ibd' OS error: 203
2022-11-23  6:07:27 0 [ERROR] InnoDB: Operating system error number 203 in a file operation.
2022-11-23  6:07:27 0 [Note] InnoDB: Some operating system error numbers are described at https://mariadb.com/kb/en/library/operating-system-error-codes/
2022-11-23  6:07:27 0 [ERROR] InnoDB: Could not find a valid tablespace file for ``cart86wp`.`wp_links``. Please refer to https://mariadb.com/kb/en/innodb-data-dictionary-troubleshooting/ for how to resolve the issue.
2022-11-23  6:07:27 0 [Warning] InnoDB: Ignoring tablespace for `cart86wp`.`wp_links` because it could not be opened.
2022-11-23  6:07:27 0 [ERROR] InnoDB: Operating system error number 3 in a file operation.
2022-11-23  6:07:27 0 [ERROR] InnoDB: The error means the system cannot find the path specified.
2022-11-23  6:07:27 0 [ERROR] InnoDB: If you are installing InnoDB, remember that you must create directories yourself, InnoDB does not create them.
2022-11-23  6:07:27 0 [ERROR] InnoDB: Cannot open datafile for read-only: '.\cart86wp\wp_litespeed_url.ibd' OS error: 203
2022-11-23  6:07:27 0 [ERROR] InnoDB: Operating system error number 203 in a file operation.
2022-11-23  6:07:27 0 [Note] InnoDB: Some operating system error numbers are described at https://mariadb.com/kb/en/library/operating-system-error-codes/
2022-11-23  6:07:27 0 [ERROR] InnoDB: Could not find a valid tablespace file for ``cart86wp`.`wp_litespeed_url``. Please refer to https://mariadb.com/kb/en/innodb-data-dictionary-troubleshooting/ for how to resolve the issue.
2022-11-23  6:07:27 0 [Warning] InnoDB: Ignoring tablespace for `cart86wp`.`wp_litespeed_url` because it could not be opened.
2022-11-23  6:07:27 0 [ERROR] InnoDB: Operating system error number 3 in a file operation.
2022-11-23  6:07:27 0 [ERROR] InnoDB: The error means the system cannot find the path specified.
2022-11-23  6:07:27 0 [ERROR] InnoDB: If you are installing InnoDB, remember that you must create directories yourself, InnoDB does not create them.
2022-11-23  6:07:27 0 [ERROR] InnoDB: Cannot open datafile for read-only: '.\cart86wp\wp_litespeed_url_file.ibd' OS error: 203
2022-11-23  6:07:27 0 [ERROR] InnoDB: Operating system error number 203 in a file operation.
2022-11-23  6:07:27 0 [Note] InnoDB: Some operating system error numbers are described at https://mariadb.com/kb/en/library/operating-system-error-codes/
2022-11-23  6:07:27 0 [ERROR] InnoDB: Could not find a valid tablespace file for ``cart86wp`.`wp_litespeed_url_file``. Please refer to https://mariadb.com/kb/en/innodb-data-dictionary-troubleshooting/ for how to resolve the issue.
2022-11-23  6:07:27 0 [Warning] InnoDB: Ignoring tablespace for `cart86wp`.`wp_litespeed_url_file` because it could not be opened.
2022-11-23  6:07:27 0 [ERROR] InnoDB: Operating system error number 3 in a file operation.
2022-11-23  6:07:27 0 [ERROR] InnoDB: The error means the system cannot find the path specified.
2022-11-23  6:07:27 0 [ERROR] InnoDB: If you are installing InnoDB, remember that you must create directories yourself, InnoDB does not create them.
2022-11-23  6:07:27 0 [ERROR] InnoDB: Cannot open datafile for read-only: '.\cart86wp\wp_options.ibd' OS error: 203
2022-11-23  6:07:27 0 [ERROR] InnoDB: Operating system error number 203 in a file operation.
2022-11-23  6:07:27 0 [Note] InnoDB: Some operating system error numbers are described at https://mariadb.com/kb/en/library/operating-system-error-codes/
2022-11-23  6:07:27 0 [ERROR] InnoDB: Could not find a valid tablespace file for ``cart86wp`.`wp_options``. Please refer to https://mariadb.com/kb/en/innodb-data-dictionary-troubleshooting/ for how to resolve the issue.
2022-11-23  6:07:27 0 [Warning] InnoDB: Ignoring tablespace for `cart86wp`.`wp_options` because it could not be opened.
2022-11-23  6:07:27 0 [ERROR] InnoDB: Operating system error number 3 in a file operation.
2022-11-23  6:07:27 0 [ERROR] InnoDB: The error means the system cannot find the path specified.
2022-11-23  6:07:27 0 [ERROR] InnoDB: If you are installing InnoDB, remember that you must create directories yourself, InnoDB does not create them.
2022-11-23  6:07:27 0 [ERROR] InnoDB: Cannot open datafile for read-only: '.\cart86wp\wp_postmeta.ibd' OS error: 203
2022-11-23  6:07:27 0 [ERROR] InnoDB: Operating system error number 203 in a file operation.
2022-11-23  6:07:27 0 [Note] InnoDB: Some operating system error numbers are described at https://mariadb.com/kb/en/library/operating-system-error-codes/
2022-11-23  6:07:27 0 [ERROR] InnoDB: Could not find a valid tablespace file for ``cart86wp`.`wp_postmeta``. Please refer to https://mariadb.com/kb/en/innodb-data-dictionary-troubleshooting/ for how to resolve the issue.
2022-11-23  6:07:27 0 [Warning] InnoDB: Ignoring tablespace for `cart86wp`.`wp_postmeta` because it could not be opened.
2022-11-23  6:07:27 0 [ERROR] InnoDB: Operating system error number 3 in a file operation.
2022-11-23  6:07:27 0 [ERROR] InnoDB: The error means the system cannot find the path specified.
2022-11-23  6:07:27 0 [ERROR] InnoDB: If you are installing InnoDB, remember that you must create directories yourself, InnoDB does not create them.
2022-11-23  6:07:27 0 [ERROR] InnoDB: Cannot open datafile for read-only: '.\cart86wp\wp_posts.ibd' OS error: 203
2022-11-23  6:07:27 0 [ERROR] InnoDB: Operating system error number 203 in a file operation.
2022-11-23  6:07:27 0 [Note] InnoDB: Some operating system error numbers are described at https://mariadb.com/kb/en/library/operating-system-error-codes/
2022-11-23  6:07:27 0 [ERROR] InnoDB: Could not find a valid tablespace file for ``cart86wp`.`wp_posts``. Please refer to https://mariadb.com/kb/en/innodb-data-dictionary-troubleshooting/ for how to resolve the issue.
2022-11-23  6:07:27 0 [Warning] InnoDB: Ignoring tablespace for `cart86wp`.`wp_posts` because it could not be opened.
2022-11-23  6:07:27 0 [ERROR] InnoDB: Operating system error number 3 in a file operation.
2022-11-23  6:07:27 0 [ERROR] InnoDB: The error means the system cannot find the path specified.
2022-11-23  6:07:27 0 [ERROR] InnoDB: If you are installing InnoDB, remember that you must create directories yourself, InnoDB does not create them.
2022-11-23  6:07:27 0 [ERROR] InnoDB: Cannot open datafile for read-only: '.\cart86wp\wp_term_relationships.ibd' OS error: 203
2022-11-23  6:07:27 0 [ERROR] InnoDB: Operating system error number 203 in a file operation.
2022-11-23  6:07:27 0 [Note] InnoDB: Some operating system error numbers are described at https://mariadb.com/kb/en/library/operating-system-error-codes/
2022-11-23  6:07:27 0 [ERROR] InnoDB: Could not find a valid tablespace file for ``cart86wp`.`wp_term_relationships``. Please refer to https://mariadb.com/kb/en/innodb-data-dictionary-troubleshooting/ for how to resolve the issue.
2022-11-23  6:07:27 0 [Warning] InnoDB: Ignoring tablespace for `cart86wp`.`wp_term_relationships` because it could not be opened.
2022-11-23  6:07:27 0 [ERROR] InnoDB: Operating system error number 3 in a file operation.
2022-11-23  6:07:27 0 [ERROR] InnoDB: The error means the system cannot find the path specified.
2022-11-23  6:07:27 0 [ERROR] InnoDB: If you are installing InnoDB, remember that you must create directories yourself, InnoDB does not create them.
2022-11-23  6:07:27 0 [ERROR] InnoDB: Cannot open datafile for read-only: '.\cart86wp\wp_term_taxonomy.ibd' OS error: 203
2022-11-23  6:07:27 0 [ERROR] InnoDB: Operating system error number 203 in a file operation.
2022-11-23  6:07:27 0 [Note] InnoDB: Some operating system error numbers are described at https://mariadb.com/kb/en/library/operating-system-error-codes/
2022-11-23  6:07:27 0 [ERROR] InnoDB: Could not find a valid tablespace file for ``cart86wp`.`wp_term_taxonomy``. Please refer to https://mariadb.com/kb/en/innodb-data-dictionary-troubleshooting/ for how to resolve the issue.
2022-11-23  6:07:27 0 [Warning] InnoDB: Ignoring tablespace for `cart86wp`.`wp_term_taxonomy` because it could not be opened.
2022-11-23  6:07:27 0 [ERROR] InnoDB: Operating system error number 3 in a file operation.
2022-11-23  6:07:27 0 [ERROR] InnoDB: The error means the system cannot find the path specified.
2022-11-23  6:07:27 0 [ERROR] InnoDB: If you are installing InnoDB, remember that you must create directories yourself, InnoDB does not create them.
2022-11-23  6:07:27 0 [ERROR] InnoDB: Cannot open datafile for read-only: '.\cart86wp\wp_termmeta.ibd' OS error: 203
2022-11-23  6:07:27 0 [ERROR] InnoDB: Operating system error number 203 in a file operation.
2022-11-23  6:07:27 0 [Note] InnoDB: Some operating system error numbers are described at https://mariadb.com/kb/en/library/operating-system-error-codes/
2022-11-23  6:07:27 0 [ERROR] InnoDB: Could not find a valid tablespace file for ``cart86wp`.`wp_termmeta``. Please refer to https://mariadb.com/kb/en/innodb-data-dictionary-troubleshooting/ for how to resolve the issue.
2022-11-23  6:07:27 0 [Warning] InnoDB: Ignoring tablespace for `cart86wp`.`wp_termmeta` because it could not be opened.
2022-11-23  6:07:27 0 [ERROR] InnoDB: Operating system error number 3 in a file operation.
2022-11-23  6:07:27 0 [ERROR] InnoDB: The error means the system cannot find the path specified.
2022-11-23  6:07:27 0 [ERROR] InnoDB: If you are installing InnoDB, remember that you must create directories yourself, InnoDB does not create them.
2022-11-23  6:07:27 0 [ERROR] InnoDB: Cannot open datafile for read-only: '.\cart86wp\wp_terms.ibd' OS error: 203
2022-11-23  6:07:27 0 [ERROR] InnoDB: Operating system error number 203 in a file operation.
2022-11-23  6:07:27 0 [Note] InnoDB: Some operating system error numbers are described at https://mariadb.com/kb/en/library/operating-system-error-codes/
2022-11-23  6:07:27 0 [ERROR] InnoDB: Could not find a valid tablespace file for ``cart86wp`.`wp_terms``. Please refer to https://mariadb.com/kb/en/innodb-data-dictionary-troubleshooting/ for how to resolve the issue.
2022-11-23  6:07:27 0 [Warning] InnoDB: Ignoring tablespace for `cart86wp`.`wp_terms` because it could not be opened.
2022-11-23  6:07:27 0 [ERROR] InnoDB: Operating system error number 3 in a file operation.
2022-11-23  6:07:27 0 [ERROR] InnoDB: The error means the system cannot find the path specified.
2022-11-23  6:07:27 0 [ERROR] InnoDB: If you are installing InnoDB, remember that you must create directories yourself, InnoDB does not create them.
2022-11-23  6:07:27 0 [ERROR] InnoDB: Cannot open datafile for read-only: '.\cart86wp\wp_usermeta.ibd' OS error: 203
2022-11-23  6:07:27 0 [ERROR] InnoDB: Operating system error number 203 in a file operation.
2022-11-23  6:07:27 0 [Note] InnoDB: Some operating system error numbers are described at https://mariadb.com/kb/en/library/operating-system-error-codes/
2022-11-23  6:07:27 0 [ERROR] InnoDB: Could not find a valid tablespace file for ``cart86wp`.`wp_usermeta``. Please refer to https://mariadb.com/kb/en/innodb-data-dictionary-troubleshooting/ for how to resolve the issue.
2022-11-23  6:07:27 0 [Warning] InnoDB: Ignoring tablespace for `cart86wp`.`wp_usermeta` because it could not be opened.
2022-11-23  6:07:27 0 [ERROR] InnoDB: Operating system error number 3 in a file operation.
2022-11-23  6:07:27 0 [ERROR] InnoDB: The error means the system cannot find the path specified.
2022-11-23  6:07:27 0 [ERROR] InnoDB: If you are installing InnoDB, remember that you must create directories yourself, InnoDB does not create them.
2022-11-23  6:07:27 0 [ERROR] InnoDB: Cannot open datafile for read-only: '.\cart86wp\wp_users.ibd' OS error: 203
2022-11-23  6:07:27 0 [ERROR] InnoDB: Operating system error number 203 in a file operation.
2022-11-23  6:07:27 0 [Note] InnoDB: Some operating system error numbers are described at https://mariadb.com/kb/en/library/operating-system-error-codes/
2022-11-23  6:07:27 0 [ERROR] InnoDB: Could not find a valid tablespace file for ``cart86wp`.`wp_users``. Please refer to https://mariadb.com/kb/en/innodb-data-dictionary-troubleshooting/ for how to resolve the issue.
2022-11-23  6:07:27 0 [Warning] InnoDB: Ignoring tablespace for `cart86wp`.`wp_users` because it could not be opened.
2022-11-23  6:07:27 0 [Note] InnoDB: 128 out of 128 rollback segments are active.
2022-11-23  6:07:27 0 [Note] InnoDB: Removed temporary tablespace data file: "ibtmp1"
2022-11-23  6:07:27 0 [Note] InnoDB: Creating shared tablespace for temporary tables
2022-11-23  6:07:27 0 [Note] InnoDB: Setting file 'E:\Program Files\xampp\mysql\data\ibtmp1' size to 12 MB. Physically writing the file full; Please wait ...
2022-11-23  6:07:27 0 [Note] InnoDB: File 'E:\Program Files\xampp\mysql\data\ibtmp1' size is now 12 MB.
2022-11-23  6:07:27 0 [Note] InnoDB: Waiting for purge to start
2022-11-23  6:07:27 0 [Note] InnoDB: 10.4.11 started; log sequence number 8251266; transaction id 4893
2022-11-23  6:07:27 0 [Note] InnoDB: Loading buffer pool(s) from E:\Program Files\xampp\mysql\data\ib_buffer_pool
2022-11-23  6:07:27 0 [Note] Plugin 'FEEDBACK' is disabled.
2022-11-23  6:07:28 0 [Note] Server socket created on IP: '::'.
InnoDB: using atomic writes.
2022-11-23  6:08:00 0 [Note] InnoDB: Mutexes and rw_locks use Windows interlocked functions
2022-11-23  6:08:00 0 [Note] InnoDB: Uses event mutexes
2022-11-23  6:08:00 0 [Note] InnoDB: Compressed tables use zlib 1.2.11
2022-11-23  6:08:00 0 [Note] InnoDB: Number of pools: 1
2022-11-23  6:08:00 0 [Note] InnoDB: Using SSE2 crc32 instructions
2022-11-23  6:08:00 0 [Note] InnoDB: Initializing buffer pool, total size = 16M, instances = 1, chunk size = 16M
2022-11-23  6:08:00 0 [Note] InnoDB: Completed initialization of buffer pool
2022-11-23  6:08:00 0 [Note] InnoDB: Starting crash recovery from checkpoint LSN=8251587
2022-11-23  6:08:01 0 [Note] InnoDB: 128 out of 128 rollback segments are active.
2022-11-23  6:08:01 0 [Note] InnoDB: Removed temporary tablespace data file: "ibtmp1"
2022-11-23  6:08:01 0 [Note] InnoDB: Creating shared tablespace for temporary tables
2022-11-23  6:08:01 0 [Note] InnoDB: Setting file 'E:\Program Files\xampp\mysql\data\ibtmp1' size to 12 MB. Physically writing the file full; Please wait ...
2022-11-23  6:08:01 0 [Note] InnoDB: File 'E:\Program Files\xampp\mysql\data\ibtmp1' size is now 12 MB.
2022-11-23  6:08:01 0 [Note] InnoDB: Waiting for purge to start
2022-11-23  6:08:01 0 [Note] InnoDB: 10.4.11 started; log sequence number 8251596; transaction id 4901
2022-11-23  6:08:01 0 [Note] InnoDB: Loading buffer pool(s) from E:\Program Files\xampp\mysql\data\ib_buffer_pool
2022-11-23  6:08:01 0 [Note] Plugin 'FEEDBACK' is disabled.
2022-11-23  6:08:01 0 [Note] Server socket created on IP: '::'.
